<?xml version="1.0" encoding="UTF-8"?>
<!-- Generated by org.testng.reporters.JUnitReportReporter -->
<testsuite hostname="Huongs-MacBook.local" failures="0" tests="1" name="firefox.TestSetRoles" time="84.176" errors="0" timestamp="2019-12-13T12:28:49 ICT" skipped="0">
  <testcase classname="firefox.TestSetRoles" name="setRolesFlow" time="84.176"/>
</testsuite> <!-- firefox.TestSetRoles -->
