<?xml version="1.0" encoding="UTF-8"?>
<!-- Generated by org.testng.reporters.JUnitReportReporter -->
<testsuite hostname="Huongs-MacBook.local" failures="0" tests="1" name="automation.TestSetRoles" time="82.992" errors="0" timestamp="2019-12-12T13:29:32 ICT" skipped="0">
  <testcase classname="automation.TestSetRoles" name="setRolesFlow" time="82.992"/>
</testsuite> <!-- automation.TestSetRoles -->
